(---------------------------------------------------------------------)
(                                                                     )
(    Allegro Netrev Import Logic                                      )
(                                                                     )
(    Drawing          : SADA_controller.brd                           )
(    Software Version : 16.6-2015S066                                 )
(    Date/Time        : Fri Apr 12 16:50:12 2019                      )
(                                                                     )
(---------------------------------------------------------------------)


------ Directives ------------

Ripup etch:                  No
Ripup delete first segment:  No
Ripup retain bondwire:       No
Ripup symbols:               Always
Missing symbol has error:    No
DRC update:                  Yes
Schematic directory:         'D:/Microsatellite/SADA_controller_SCH/allegro'
Design Directory:            '.'
Old design name:             'D:/Microsatellite/SADA_controller_PCB/footprint/SADA_controller.brd'
New design name:             'D:/Microsatellite/SADA_controller_PCB/footprint/SADA_controller.brd'

CmdLine: netrev -$ -i D:/Microsatellite/SADA_controller_SCH/allegro -y 1 -q netrev_constraint_report.xml D:/Microsatellite/SADA_controller_PCB/footprint/#Taaaaah16432.tmp

------ Preparing to read pst files ------

Starting to read D:/Microsatellite/SADA_controller_SCH/allegro/pstchip.dat 
   Finished reading D:/Microsatellite/SADA_controller_SCH/allegro/pstchip.dat (00:00:00.09)
Starting to read D:/Microsatellite/SADA_controller_SCH/allegro/pstxprt.dat 
   Finished reading D:/Microsatellite/SADA_controller_SCH/allegro/pstxprt.dat (00:00:00.00)
Starting to read D:/Microsatellite/SADA_controller_SCH/allegro/pstxnet.dat 
   Finished reading D:/Microsatellite/SADA_controller_SCH/allegro/pstxnet.dat (00:00:00.00)

------ Oversights/Warnings/Errors ------


------ Library Paths ------
MODULEPATH =  . 
           D:/Cadence/Cadence_SPB_16.6-2015/share/local/pcb/modules 
           D:/Microsatellite/SADA_controller_PCB/footprint/ 

PSMPATH =  . 
           symbols 
           .. 
           ../symbols 
           D:/Cadence/Cadence_SPB_16.6-2015/share/local/pcb/symbols 
           D:/Cadence/Cadence_SPB_16.6-2015/share/pcb/pcb_lib/symbols 
           D:/Cadence/Cadence_SPB_16.6-2015/share/pcb/allegrolib/symbols 
           D:/Microsatellite/SADA_controller_PCB/footprint/ 

PADPATH =  D:/Microsatellite/SADA_controller_PCB/footprint/ 
           . 
           symbols 
           .. 
           ../symbols 
           D:/Cadence/Cadence_SPB_16.6-2015/share/local/pcb/padstacks 
           D:/Cadence/Cadence_SPB_16.6-2015/share/pcb/pcb_lib/symbols 
           D:/Cadence/Cadence_SPB_16.6-2015/share/pcb/allegrolib/symbols 


------ Summary Statistics ------


netrev run on Apr 12 16:50:12 2019
   DESIGN NAME : 'SADA_CONTROLLER2_0'
   PACKAGING ON Feb 15 2016 19:53:59

   COMPILE 'logic'
   CHECK_PIN_NAMES OFF
   CROSS_REFERENCE OFF
   FEEDBACK OFF
   INCREMENTAL OFF
   INTERFACE_TYPE PHYSICAL
   MAX_ERRORS 500
   MERGE_MINIMUM 5
   NET_NAME_CHARS '#%&()*+-./:=>?@[]^_`|'
   NET_NAME_LENGTH 24
   OVERSIGHTS ON
   REPLACE_CHECK OFF
   SINGLE_NODE_NETS ON
   SPLIT_MINIMUM 0
   SUPPRESS   20
   WARNINGS ON

 No error detected
 No oversight detected
 No warning detected

cpu time      0:00:57
elapsed time  0:00:00

