(---------------------------------------------------------------------)
(                                                                     )
(    QUICKPLACE LOG                                                   )
(                                                                     )
(    Drawing          : SADA_controller.brd                           )
(    Software Version : 16.6-2015S066                                 )
(    Date/Time        : Mon Apr 08 20:39:06 2019                      )
(                                                                     )
(---------------------------------------------------------------------)


State: Placing on layer TOP

         Placed symbol:  JP1 / JTAG_1_JTAG_JTAG / JTAG at (-11.4968 23.5032)
         Placed symbol:  Q2 / 2N1069_SOT23_3_9013 / SOT23_3 at (3.6063 21.9032)
         Placed symbol:  Q3 / 2N1069_SOT23_3_9013 / SOT23_3 at (7.0093 21.9032)
         Placed symbol:  Q1 / 2N1069_SOT23_3_9013 / SOT23_3 at (10.4123 21.9032)
         Placed symbol:  Q4 / 2N1069_SOT23_3_9013 / SOT23_3 at (13.8153 21.9032)
         Placed symbol:  C20 / CAP NP_SC0603_100PF/100V / SC0603 at (17.0154 20.8382)
         Placed symbol:  C18 / CAP NP_SC0603_100PF/100V / SC0603 at (20.0126 20.8382)
         Placed symbol:  C19 / CAP NP_SC0603_100PF/100V / SC0603 at (23.0098 20.8382)
         Placed symbol:  C21 / CAP NP_SC0603_100PF/100V / SC0603 at (-23.3998 27.6414)
         Placed symbol:  C6 / CAP NP_SC0603_100NF / SC0603 at (-20.4026 27.6414)
         Placed symbol:  C22 / CAP NP_SC0603_100PF/100V / SC0603 at (-17.4054 27.6414)
         Placed symbol:  C24 / CAP NP_SC0603_100PF/100V / SC0603 at (-14.4082 27.6414)
         Placed symbol:  C25 / CAP NP_SC0603_100PF/100V / SC0603 at (-11.4110 27.6414)
         Placed symbol:  C26 / CAP NP_SC0603_470NF/16V / SC0603 at (-8.4138 27.6414)
         Placed symbol:  C2 / CAP NP_SC0603_20PF / SC0603 at (-5.4166 27.6414)
         Placed symbol:  C23 / CAP NP_SC0603_100PF/100V / SC0603 at (-2.4194 27.6414)
         Placed symbol:  C29 / CAP NP_SC0603_100NF/50V / SC0603 at (0.5778 27.6414)
         Placed symbol:  C31 / CAP NP_SC0603_100NF/50V / SC0603 at (3.5750 27.6414)
         Placed symbol:  C5 / CAP NP_SC0603_10UF / SC0603 at (6.5722 27.6414)
         Placed symbol:  C30 / CAP NP_SC0603_220NF/16V / SC0603 at (9.5694 27.6414)
         Placed symbol:  C32 / CAP NP_SC0603_220NF/16V / SC0603 at (12.5666 27.6414)
         Placed symbol:  C4 / CAP NP_SC0603_1UF / SC0603 at (15.5638 27.6414)
         Placed symbol:  D3 / LED_LED0805_YELLOW / LED0805 at (18.9340 27.9564)
         Placed symbol:  D4 / LED_LED0805_YELLOW / LED0805 at (22.6772 27.9564)
         Placed symbol:  D5 / LED_LED0805_YELLOW / LED0805 at (-23.0268 30.0596)
         Placed symbol:  D6 / LED_LED0805_YELLOW / LED0805 at (-19.2836 30.0596)
         Placed symbol:  C27 / CAP NP_SC0603_470NF/16V / SC0603 at (-15.9134 29.7446)
         Placed symbol:  C3 / CAP NP_SC0603_100NF / SC0603 at (-12.9162 29.7446)
         Placed symbol:  C28 / CAP NP_SC0603_100NF/50V / SC0603 at (-9.9190 29.7446)
         Placed symbol:  C1 / CAP NP_SC0603_20PF / SC0603 at (-6.9218 29.7446)
         Placed symbol:  C33 / CAP NP_SC0603_100NF/50V / SC0603 at (-3.9246 29.7446)
         Placed symbol:  R1 / R_SR0603_10K / SR0603 at (-0.9020 29.7446)
         Placed symbol:  R13 / R_SR0603_10K / SR0603 at (2.1460 29.7446)
         Placed symbol:  R14 / R_SR0603_10K / SR0603 at (5.1940 29.7446)
         Placed symbol:  R17 / R_SR0603_10K / SR0603 at (8.2420 29.7446)
         Placed symbol:  R2 / R_SR0603_10K / SR0603 at (11.2900 29.7446)
         Placed symbol:  R3 / R_SR0603_10K / SR0603 at (14.3380 29.7446)
         Placed symbol:  R36 / R_SR0603_10K / SR0603 at (17.3860 29.7446)
         Placed symbol:  R37 / R_SR0603_10K / SR0603 at (20.4340 29.7446)
         Placed symbol:  R38 / R_SR0603_10K / SR0603 at (23.4820 29.7446)
         Placed symbol:  R39 / R_SR0603_10K / SR0603 at (-23.3744 31.8478)
         Placed symbol:  R6 / R_SR0603_10K / SR0603 at (-20.3264 31.8478)
         Placed symbol:  R9 / R_SR0603_10K / SR0603 at (-17.2784 31.8478)
         Placed symbol:  R10 / R_SR0603_1M / SR0603 at (-14.2304 31.8478)
         Placed symbol:  R11 / R_SR0603_0 / SR0603 at (-11.1824 31.8478)
         Placed symbol:  R12 / R_SR0603_0 / SR0603 at (-8.1344 31.8478)
         Placed symbol:  R15 / R_SR0603_0 / SR0603 at (-5.0864 31.8478)
         Placed symbol:  R16 / R_SR0603_0 / SR0603 at (-2.0384 31.8478)
         Placed symbol:  R4 / R_SR0603_0 / SR0603 at (1.0096 31.8478)
         Placed symbol:  R5 / R_SR0603_0 / SR0603 at (4.0576 31.8478)
         Placed symbol:  R7 / R_SR0603_0 / SR0603 at (7.1056 31.8478)
         Placed symbol:  R8 / R_SR0603_0 / SR0603 at (10.1536 31.8478)
         Placed symbol:  R18 / R_SR0603_2 / SR0603 at (13.2016 31.8478)
         Placed symbol:  R19 / R_SR0603_2 / SR0603 at (16.2496 31.8478)
         Placed symbol:  R32 / R_SR0603_510M / SR0603 at (19.2976 31.8478)
         Placed symbol:  R33 / R_SR0603_510M / SR0603 at (22.3456 31.8478)
         Placed symbol:  R34 / R_SR0603_510M / SR0603 at (-23.3744 33.3718)
         Placed symbol:  R35 / R_SR0603_510M / SR0603 at (-20.3264 33.3718)
         Placed symbol:  R40 / R_SR0603_560 / SR0603 at (-17.2784 33.3718)
         Placed symbol:  R41 / R_SR0603_560 / SR0603 at (-14.2304 33.3718)
         Placed symbol:  R42 / R_SR0603_560 / SR0603 at (-11.1824 33.3718)
         Placed symbol:  R43 / R_SR0603_560 / SR0603 at (-8.1344 33.3718)
         Placed symbol:  R28 / R_SR0805_0R15 / SR0805 at (-4.7388 33.6868)
         Placed symbol:  R29 / R_SR0805_0R15 / SR0805 at (-0.9956 33.6868)
         Placed symbol:  R30 / R_SR0805_0R15 / SR0805 at (2.7476 33.6868)
         Placed symbol:  R31 / R_SR0805_0R15 / SR0805 at (6.4908 33.6868)
         Placed symbol:  SW1 / SW_PB_SPST_SW_RST / SW at (13.3639 34.6367)
         Placed symbol:  Y1 / CRYSTAL_CRYSTAL_8M / CRYSTAL at (-17.0968 39.4398)
         Placed symbol:  TP2 / TP_TP_TP / TP at (-6.8822 38.6448)
         Placed symbol:  TP1 / TP_TP_TP / TP at (-2.4626 38.6448)
         Placed symbol:  TP4 / TP_TP_TP / TP at (1.9570 38.6448)
         Placed symbol:  TP3 / TP_TP_TP / TP at (6.3766 38.6448)


Placed 72 of 72 applicable (72 total) symbols.

-----------------------------------------------------------------------

