{ Using PSTWRITER 16.6.0 d001Apr-12-2019 at 16:50:01 }

#1 WARNING(ORCAP-36038): "No_connect" property on Pin "U4.3" ignored for U4: SCHEMATIC1, driver (71.12, 15.24). Connecting pin to net "1OA1".
#2 WARNING(ORCAP-36038): "No_connect" property on Pin "U4.7" ignored for U4: SCHEMATIC1, driver (71.12, 15.24). Connecting pin to net "1OA1".
#3 WARNING(ORCAP-36038): "No_connect" property on Pin "U4.8" ignored for U4: SCHEMATIC1, driver (71.12, 15.24). Connecting pin to net "1OA1".
#4 WARNING(ORCAP-36038): "No_connect" property on Pin "U5.6" ignored for U5: SCHEMATIC1, driver (210.82, 15.24). Connecting pin to net "2OA2".
#5 WARNING(ORCAP-36038): "No_connect" property on Pin "U5.10" ignored for U5: SCHEMATIC1, driver (210.82, 15.24). Connecting pin to net "2OA2".
#6 WARNING(ORCAP-36038): "No_connect" property on Pin "U5.11" ignored for U5: SCHEMATIC1, driver (210.82, 15.24). Connecting pin to net "2OA2".
#7 WARNING(ORCAP-36038): "No_connect" property on Pin "U5.24" ignored for U5: SCHEMATIC1, driver (210.82, 15.24). Connecting pin to net "2OB2".
#8 WARNING(ORCAP-36038): "No_connect" property on Pin "U5.28" ignored for U5: SCHEMATIC1, driver (210.82, 15.24). Connecting pin to net "2OB2".
#9 WARNING(ORCAP-36038): "No_connect" property on Pin "U5.29" ignored for U5: SCHEMATIC1, driver (210.82, 15.24). Connecting pin to net "2OB2".
#10 WARNING(ORCAP-36038): "No_connect" property on Pin "U4.24" ignored for U4: SCHEMATIC1, driver (71.12, 15.24). Connecting pin to net "1OB2".
#11 WARNING(ORCAP-36038): "No_connect" property on Pin "U4.28" ignored for U4: SCHEMATIC1, driver (71.12, 15.24). Connecting pin to net "1OB2".
#12 WARNING(ORCAP-36038): "No_connect" property on Pin "U4.29" ignored for U4: SCHEMATIC1, driver (71.12, 15.24). Connecting pin to net "1OB2".
#13 WARNING(ORCAP-36038): "No_connect" property on Pin "U4.27" ignored for U4: SCHEMATIC1, driver (71.12, 15.24). Connecting pin to net "1OB1".
#14 WARNING(ORCAP-36038): "No_connect" property on Pin "U4.31" ignored for U4: SCHEMATIC1, driver (71.12, 15.24). Connecting pin to net "1OB1".
#15 WARNING(ORCAP-36038): "No_connect" property on Pin "U4.32" ignored for U4: SCHEMATIC1, driver (71.12, 15.24). Connecting pin to net "1OB1".
#16 WARNING(ORCAP-36038): "No_connect" property on Pin "U4.6" ignored for U4: SCHEMATIC1, driver (71.12, 15.24). Connecting pin to net "1OA2".
#17 WARNING(ORCAP-36038): "No_connect" property on Pin "U4.10" ignored for U4: SCHEMATIC1, driver (71.12, 15.24). Connecting pin to net "1OA2".
#18 WARNING(ORCAP-36038): "No_connect" property on Pin "U4.11" ignored for U4: SCHEMATIC1, driver (71.12, 15.24). Connecting pin to net "1OA2".
#19 WARNING(ORCAP-36038): "No_connect" property on Pin "U5.3" ignored for U5: SCHEMATIC1, driver (210.82, 15.24). Connecting pin to net "2OA1".
#20 WARNING(ORCAP-36038): "No_connect" property on Pin "U5.7" ignored for U5: SCHEMATIC1, driver (210.82, 15.24). Connecting pin to net "2OA1".
#21 WARNING(ORCAP-36038): "No_connect" property on Pin "U5.8" ignored for U5: SCHEMATIC1, driver (210.82, 15.24). Connecting pin to net "2OA1".
#22 WARNING(ORCAP-36038): "No_connect" property on Pin "U5.27" ignored for U5: SCHEMATIC1, driver (210.82, 15.24). Connecting pin to net "2OB1".
#23 WARNING(ORCAP-36038): "No_connect" property on Pin "U5.31" ignored for U5: SCHEMATIC1, driver (210.82, 15.24). Connecting pin to net "2OB1".
#24 WARNING(ORCAP-36038): "No_connect" property on Pin "U5.32" ignored for U5: SCHEMATIC1, driver (210.82, 15.24). Connecting pin to net "2OB1".
#25 WARNING(ORCAP-36006): Part Name "STM32F103RBT6_1_LQFP64_STM32F103RBT6" is renamed to "STM32F103RBT6_1_LQFP64_STM32F10".
#26 WARNING(ORCAP-36006): Part Name "TPS73633DBV_0_SOT23_5_TPS73633DBV" is renamed to "TPS73633DBV_0_SOT23_5_TPS73633D".
INFO(ORCAP-36080): Scanning netlist files ...

Loading... D:\MICROSATELLITE\SADA_CONTROLLER_SCH\allegro/pstchip.dat

Loading... D:\MICROSATELLITE\SADA_CONTROLLER_SCH\allegro/pstchip.dat

Loading... D:\MICROSATELLITE\SADA_CONTROLLER_SCH\allegro/pstxprt.dat

Loading... D:\MICROSATELLITE\SADA_CONTROLLER_SCH\allegro/pstxnet.dat
packaging the design view...